<?xml version="1.0" encoding="UTF-8"?>
<!-- Generated by org.testng.reporters.JUnitReportReporter -->
<testsuite hostname="DESKTOP-5BL4P1H" failures="0" tests="1" name="seleniumFramework.ShoppingWebsit" time="9.264" errors="0" timestamp="2025-05-02T13:56:36 IST" skipped="0">
  <testcase classname="seleniumFramework.ShoppingWebsit" name="shopping" time="9.264"/>
  <system-out/>
</testsuite> <!-- seleniumFramework.ShoppingWebsit -->
