<?xml version="1.0" encoding="UTF-8"?>
<!-- Generated by org.testng.reporters.JUnitReportReporter -->
<testsuite hostname="DESKTOP-5BL4P1H" failures="0" tests="12" name="seleniumFramework.FirstDriver" time="11.889" errors="0" timestamp="2025-04-17T12:04:10 IST" skipped="0">
  <testcase classname="seleniumFramework.FirstDriver" name="radioButton" time="1.223"/>
  <system-out/>
  <testcase classname="seleniumFramework.FirstDriver" name="suggestions" time="0.854"/>
  <system-out/>
  <testcase classname="seleniumFramework.FirstDriver" name="dropdown" time="0.515"/>
  <system-out/>
  <testcase classname="seleniumFramework.FirstDriver" name="checkbox" time="0.375"/>
  <system-out/>
  <testcase classname="seleniumFramework.FirstDriver" name="windowHandles" time="4.510"/>
  <system-out/>
  <testcase classname="seleniumFramework.FirstDriver" name="switchTab" time="2.027"/>
  <system-out/>
  <testcase classname="seleniumFramework.FirstDriver" name="alerts" time="0.693"/>
  <system-out/>
  <testcase classname="seleniumFramework.FirstDriver" name="scrollAction" time="0.092"/>
  <system-out/>
  <testcase classname="seleniumFramework.FirstDriver" name="elementVisibility" time="0.720"/>
  <system-out/>
  <testcase classname="seleniumFramework.FirstDriver" name="mousehover" time="0.299"/>
  <system-out/>
  <testcase classname="seleniumFramework.FirstDriver" name="frames" time="0.381"/>
  <system-out/>
  <testcase classname="seleniumFramework.FirstDriver" name="table" time="0.200"/>
  <system-out/>
</testsuite> <!-- seleniumFramework.FirstDriver -->
