<?xml version="1.0" encoding="UTF-8"?>
<!-- Generated by org.testng.reporters.JUnitReportReporter -->
<testsuite hostname="DESKTOP-5BL4P1H" failures="0" tests="24" name="seleniumFramework.PracticePage" time="17.875" errors="0" timestamp="2025-04-17T13:40:38 IST" skipped="0">
  <testcase classname="seleniumFramework.PracticePage" name="radioButton" time="0.691"/>
  <system-out/>
  <testcase classname="seleniumFramework.PracticePage" name="radioButton" time="1.293"/>
  <system-out/>
  <testcase classname="seleniumFramework.PracticePage" name="suggestions" time="0.801"/>
  <system-out/>
  <testcase classname="seleniumFramework.PracticePage" name="suggestions" time="0.599"/>
  <system-out/>
  <testcase classname="seleniumFramework.PracticePage" name="dropdown" time="0.568"/>
  <system-out/>
  <testcase classname="seleniumFramework.PracticePage" name="dropdown" time="0.667"/>
  <system-out/>
  <testcase classname="seleniumFramework.PracticePage" name="checkbox" time="0.454"/>
  <system-out/>
  <testcase classname="seleniumFramework.PracticePage" name="checkbox" time="0.367"/>
  <system-out/>
  <testcase classname="seleniumFramework.PracticePage" name="windowHandles" time="1.011"/>
  <system-out/>
  <testcase classname="seleniumFramework.PracticePage" name="windowHandles" time="5.345"/>
  <system-out/>
  <testcase classname="seleniumFramework.PracticePage" name="switchTab" time="1.228"/>
  <system-out/>
  <testcase classname="seleniumFramework.PracticePage" name="switchTab" time="0.299"/>
  <system-out/>
  <testcase classname="seleniumFramework.PracticePage" name="alerts" time="0.517"/>
  <system-out/>
  <testcase classname="seleniumFramework.PracticePage" name="alerts" time="0.537"/>
  <system-out/>
  <testcase classname="seleniumFramework.PracticePage" name="scrollAction" time="0.071"/>
  <system-out/>
  <testcase classname="seleniumFramework.PracticePage" name="scrollAction" time="0.107"/>
  <system-out/>
  <testcase classname="seleniumFramework.PracticePage" name="elementVisibility" time="0.640"/>
  <system-out/>
  <testcase classname="seleniumFramework.PracticePage" name="elementVisibility" time="1.091"/>
  <system-out/>
  <testcase classname="seleniumFramework.PracticePage" name="mousehover" time="0.305"/>
  <system-out/>
  <testcase classname="seleniumFramework.PracticePage" name="mousehover" time="0.323"/>
  <system-out/>
  <testcase classname="seleniumFramework.PracticePage" name="frames" time="0.121"/>
  <system-out/>
  <testcase classname="seleniumFramework.PracticePage" name="frames" time="0.258"/>
  <system-out/>
  <testcase classname="seleniumFramework.PracticePage" name="table" time="0.373"/>
  <system-out/>
  <testcase classname="seleniumFramework.PracticePage" name="table" time="0.209"/>
  <system-out/>
</testsuite> <!-- seleniumFramework.PracticePage -->
