<?xml version="1.0" encoding="UTF-8"?>
<!-- Generated by org.testng.reporters.JUnitReportReporter -->
<testsuite hostname="DESKTOP-5BL4P1H" failures="0" tests="10" name="seleniumFramework.FirstDriver" time="17.378" errors="0" timestamp="2025-04-16T18:13:05 IST" skipped="0">
  <testcase classname="seleniumFramework.FirstDriver" name="radioButton" time="6.413"/>
  <system-out/>
  <testcase classname="seleniumFramework.FirstDriver" name="suggestions" time="0.445"/>
  <system-out/>
  <testcase classname="seleniumFramework.FirstDriver" name="dropdown" time="0.175"/>
  <system-out/>
  <testcase classname="seleniumFramework.FirstDriver" name="checkbox" time="0.130"/>
  <system-out/>
  <testcase classname="seleniumFramework.FirstDriver" name="windowHandles" time="2.764"/>
  <system-out/>
  <testcase classname="seleniumFramework.FirstDriver" name="switchTab" time="0.650"/>
  <system-out/>
  <testcase classname="seleniumFramework.FirstDriver" name="alerts" time="0.304"/>
  <system-out/>
  <testcase classname="seleniumFramework.FirstDriver" name="scrollAction" time="6.074"/>
  <system-out/>
  <testcase classname="seleniumFramework.FirstDriver" name="elementVisibility" time="0.189"/>
  <system-out/>
  <testcase classname="seleniumFramework.FirstDriver" name="mousehover" time="0.234"/>
  <system-out/>
</testsuite> <!-- seleniumFramework.FirstDriver -->
