<?xml version="1.0" encoding="UTF-8"?>
<!-- Generated by org.testng.reporters.JUnitReportReporter -->
<testsuite hostname="DESKTOP-5BL4P1H" failures="0" tests="4" name="seleniumFramework.Omayo" time="38.801" errors="0" timestamp="2025-05-04T15:29:44 IST" skipped="0">
  <testcase classname="seleniumFramework.Omayo" name="uploadFile" time="7.820"/>
  <system-out/>
  <testcase classname="seleniumFramework.Omayo" name="Select" time="30.765"/>
  <system-out/>
  <testcase classname="seleniumFramework.Omayo" name="isButtonEnabled" time="0.037"/>
  <system-out/>
  <testcase classname="seleniumFramework.Omayo" name="dropdown" time="0.179"/>
  <system-out/>
</testsuite> <!-- seleniumFramework.Omayo -->
