<?xml version="1.0" encoding="UTF-8"?>
<!-- Generated by org.testng.reporters.JUnitReportReporter -->
<testsuite hostname="DESKTOP-5BL4P1H" failures="0" tests="7" name="seleniumFramework.FirstDriver" time="20.459" errors="0" timestamp="2025-04-15T23:07:17 IST" skipped="0">
  <testcase classname="seleniumFramework.FirstDriver" name="alerts" time="0.741"/>
  <system-out/>
  <testcase classname="seleniumFramework.FirstDriver" name="radioButton" time="7.222"/>
  <system-out/>
  <testcase classname="seleniumFramework.FirstDriver" name="suggestions" time="0.739"/>
  <system-out/>
  <testcase classname="seleniumFramework.FirstDriver" name="dropdown" time="0.548"/>
  <system-out/>
  <testcase classname="seleniumFramework.FirstDriver" name="checkbox" time="0.400"/>
  <system-out/>
  <testcase classname="seleniumFramework.FirstDriver" name="windowHandles" time="7.842"/>
  <system-out/>
  <testcase classname="seleniumFramework.FirstDriver" name="switchTab" time="2.967"/>
  <system-out/>
</testsuite> <!-- seleniumFramework.FirstDriver -->
